DEB [20171018-14:49:26.431] thr=1   paramiko.transport: starting thread (client mode): 0x4396400
DEB [20171018-14:49:26.433] thr=1   paramiko.transport: Local version/idstring: SSH-2.0-paramiko_2.1.2
DEB [20171018-14:49:26.441] thr=1   paramiko.transport: Remote version/idstring: SSH-2.0-OpenSSH_7.2p2 Ubuntu-4ubuntu2.2
INF [20171018-14:49:26.442] thr=1   paramiko.transport: Connected (version 2.0, client OpenSSH_7.2p2)
DEB [20171018-14:49:26.447] thr=1   paramiko.transport: kex algos:['curve25519-sha256@libssh.org', 'ecdh-sha2-nistp256', 'ecdh-sha2-nistp384', 'ecdh-sha2-nistp521', 'diffie-hellman-group-exchange-sha256', 'diffie-hellman-group14-sha1'] server key:['ssh-rsa', 'rsa-sha2-512', 'rsa-sha2-256', 'ecdsa-sha2-nistp256', 'ssh-ed25519'] client encrypt:['chacha20-poly1305@openssh.com', 'aes128-ctr', 'aes192-ctr', 'aes256-ctr', 'aes128-gcm@openssh.com', 'aes256-gcm@openssh.com'] server encrypt:['chacha20-poly1305@openssh.com', 'aes128-ctr', 'aes192-ctr', 'aes256-ctr', 'aes128-gcm@openssh.com', 'aes256-gcm@openssh.com'] client mac:['umac-64-etm@openssh.com', 'umac-128-etm@openssh.com', 'hmac-sha2-256-etm@openssh.com', 'hmac-sha2-512-etm@openssh.com', 'hmac-sha1-etm@openssh.com', 'umac-64@openssh.com', 'umac-128@openssh.com', 'hmac-sha2-256', 'hmac-sha2-512', 'hmac-sha1'] server mac:['umac-64-etm@openssh.com', 'umac-128-etm@openssh.com', 'hmac-sha2-256-etm@openssh.com', 'hmac-sha2-512-etm@openssh.com', 'hmac-sha1-etm@openssh.com', 'umac-64@openssh.com', 'umac-128@openssh.com', 'hmac-sha2-256', 'hmac-sha2-512', 'hmac-sha1'] client compress:['none', 'zlib@openssh.com'] server compress:['none', 'zlib@openssh.com'] client lang:[''] server lang:[''] kex follows?False
DEB [20171018-14:49:26.448] thr=1   paramiko.transport: Kex agreed: diffie-hellman-group14-sha1
DEB [20171018-14:49:26.450] thr=1   paramiko.transport: Cipher agreed: aes128-ctr
DEB [20171018-14:49:26.451] thr=1   paramiko.transport: MAC agreed: hmac-sha2-256
DEB [20171018-14:49:26.452] thr=1   paramiko.transport: Compression agreed: none
DEB [20171018-14:49:28.844] thr=1   paramiko.transport: kex engine KexGroup14 specified hash_algo <built-in function openssl_sha1>
DEB [20171018-14:49:28.849] thr=1   paramiko.transport: Switch to new keys ...
DEB [20171018-14:49:28.855] thr=2   paramiko.transport: Adding ssh-rsa host key for 192.168.192.130: b'8476ab928b4db93b7f8f5fa73d82f6b3'
DEB [20171018-14:49:28.902] thr=2   paramiko.transport: Trying discovered key b'70bd8dd8eb524eb0e853358cd5f3b6b5' in C:\Users\Administrator/.ssh/id_rsa
DEB [20171018-14:49:28.907] thr=1   paramiko.transport: userauth is OK
INF [20171018-14:49:28.930] thr=1   paramiko.transport: Authentication (publickey) failed.
DEB [20171018-14:49:28.935] thr=1   paramiko.transport: userauth is OK
INF [20171018-14:49:28.953] thr=1   paramiko.transport: Authentication (password) successful!
DEB [20171018-14:49:28.956] thr=2   paramiko.transport: [chan 0] Max packet in: 32768 bytes
DEB [20171018-14:49:29.029] thr=1   paramiko.transport: Received global request "hostkeys-00@openssh.com"
DEB [20171018-14:49:29.030] thr=1   paramiko.transport: Rejecting "hostkeys-00@openssh.com" global request from server.
DEB [20171018-14:49:29.229] thr=1   paramiko.transport: [chan 0] Max packet out: 32768 bytes
DEB [20171018-14:49:29.230] thr=1   paramiko.transport: Secsh channel 0 opened.
DEB [20171018-14:49:29.244] thr=1   paramiko.transport: [chan 0] Sesch channel 0 request ok
DEB [20171018-14:49:29.259] thr=1   paramiko.transport: [chan 0] EOF received (0)
DEB [20171018-14:49:29.266] thr=2   paramiko.transport: [chan 1] Max packet in: 32768 bytes
DEB [20171018-14:49:29.276] thr=1   paramiko.transport: [chan 0] EOF sent (0)
DEB [20171018-14:49:29.284] thr=1   paramiko.transport: [chan 1] Max packet out: 32768 bytes
DEB [20171018-14:49:29.286] thr=1   paramiko.transport: Secsh channel 1 opened.
DEB [20171018-14:49:29.328] thr=1   paramiko.transport: [chan 1] Sesch channel 1 request ok
INF [20171018-14:49:29.339] thr=2   paramiko.transport.sftp: [chan 1] Opened sftp connection (server version 3)
DEB [20171018-14:49:29.341] thr=2   paramiko.transport.sftp: [chan 1] listdir(b'/etc/acpi')
DEB [20171018-14:49:29.387] thr=2   paramiko.transport: [chan 2] Max packet in: 32768 bytes
DEB [20171018-14:49:29.393] thr=1   paramiko.transport: [chan 2] Max packet out: 32768 bytes
DEB [20171018-14:49:29.394] thr=1   paramiko.transport: Secsh channel 2 opened.
DEB [20171018-14:49:29.403] thr=1   paramiko.transport: [chan 2] Sesch channel 2 request ok
INF [20171018-14:49:29.409] thr=2   paramiko.transport.sftp: [chan 2] Opened sftp connection (server version 3)
DEB [20171018-14:49:29.410] thr=2   paramiko.transport: [chan 1] EOF sent (1)
DEB [20171018-14:49:29.413] thr=2   paramiko.transport.sftp: [chan 2] listdir(b'/etc/acpi/events')
DEB [20171018-14:49:29.417] thr=1   paramiko.transport: Ignoring message for dead channel 1
DEB [20171018-14:49:29.421] thr=1   paramiko.transport: Ignoring message for dead channel 1
DEB [20171018-14:49:29.424] thr=1   paramiko.transport: Ignoring message for dead channel 1
DEB [20171018-14:49:30.725] thr=2   paramiko.transport.sftp: [chan 2] stat(b'/etc/acpi/asus-keyboard-backlight.sh')
DEB [20171018-14:49:30.733] thr=2   paramiko.transport.sftp: [chan 2] open(b'/etc/acpi/asus-keyboard-backlight.sh', 'rb')
DEB [20171018-14:49:30.739] thr=2   paramiko.transport.sftp: [chan 2] open(b'/etc/acpi/asus-keyboard-backlight.sh', 'rb') -> b'00000000'
DEB [20171018-14:49:30.757] thr=2   paramiko.transport.sftp: [chan 2] close(b'00000000')
DEB [20171018-14:49:31.032] thr=2   paramiko.transport.sftp: [chan 2] stat(b'/etc/acpi/ibm-wireless.sh')
DEB [20171018-14:49:31.038] thr=2   paramiko.transport.sftp: [chan 2] open(b'/etc/acpi/ibm-wireless.sh', 'rb')
DEB [20171018-14:49:31.045] thr=2   paramiko.transport.sftp: [chan 2] open(b'/etc/acpi/ibm-wireless.sh', 'rb') -> b'00000000'
DEB [20171018-14:49:31.062] thr=2   paramiko.transport.sftp: [chan 2] close(b'00000000')
DEB [20171018-14:49:31.331] thr=2   paramiko.transport.sftp: [chan 2] stat(b'/etc/acpi/undock.sh')
DEB [20171018-14:49:31.338] thr=2   paramiko.transport.sftp: [chan 2] open(b'/etc/acpi/undock.sh', 'rb')
DEB [20171018-14:49:31.344] thr=2   paramiko.transport.sftp: [chan 2] open(b'/etc/acpi/undock.sh', 'rb') -> b'00000000'
DEB [20171018-14:49:31.362] thr=2   paramiko.transport.sftp: [chan 2] close(b'00000000')
DEB [20171018-14:49:31.644] thr=2   paramiko.transport.sftp: [chan 2] stat(b'/etc/acpi/powerbtn.sh')
DEB [20171018-14:49:31.651] thr=2   paramiko.transport.sftp: [chan 2] open(b'/etc/acpi/powerbtn.sh', 'rb')
DEB [20171018-14:49:31.657] thr=2   paramiko.transport.sftp: [chan 2] open(b'/etc/acpi/powerbtn.sh', 'rb') -> b'00000000'
DEB [20171018-14:49:31.674] thr=2   paramiko.transport.sftp: [chan 2] close(b'00000000')
DEB [20171018-14:49:31.952] thr=2   paramiko.transport.sftp: [chan 2] stat(b'/etc/acpi/asus-wireless.sh')
DEB [20171018-14:49:31.959] thr=2   paramiko.transport.sftp: [chan 2] open(b'/etc/acpi/asus-wireless.sh', 'rb')
DEB [20171018-14:49:31.965] thr=2   paramiko.transport.sftp: [chan 2] open(b'/etc/acpi/asus-wireless.sh', 'rb') -> b'00000000'
DEB [20171018-14:49:31.982] thr=2   paramiko.transport.sftp: [chan 2] close(b'00000000')
DEB [20171018-14:49:32.235] thr=2   paramiko.transport.sftp: [chan 2] stat(b'/etc/acpi/tosh-wireless.sh')
DEB [20171018-14:49:32.241] thr=2   paramiko.transport.sftp: [chan 2] open(b'/etc/acpi/tosh-wireless.sh', 'rb')
DEB [20171018-14:49:32.247] thr=2   paramiko.transport.sftp: [chan 2] open(b'/etc/acpi/tosh-wireless.sh', 'rb') -> b'00000000'
DEB [20171018-14:49:32.265] thr=2   paramiko.transport.sftp: [chan 2] close(b'00000000')
DEB [20171018-14:49:32.630] thr=2   paramiko.transport.sftp: [chan 2] stat(b'/etc/acpi/events/powerbtn')
DEB [20171018-14:49:32.637] thr=2   paramiko.transport.sftp: [chan 2] open(b'/etc/acpi/events/powerbtn', 'rb')
DEB [20171018-14:49:32.644] thr=2   paramiko.transport.sftp: [chan 2] open(b'/etc/acpi/events/powerbtn', 'rb') -> b'00000000'
DEB [20171018-14:49:32.662] thr=2   paramiko.transport.sftp: [chan 2] close(b'00000000')
DEB [20171018-14:49:33.015] thr=2   paramiko.transport.sftp: [chan 2] stat(b'/etc/acpi/events/asus-wireless-on')
DEB [20171018-14:49:33.022] thr=2   paramiko.transport.sftp: [chan 2] open(b'/etc/acpi/events/asus-wireless-on', 'rb')
DEB [20171018-14:49:33.029] thr=2   paramiko.transport.sftp: [chan 2] open(b'/etc/acpi/events/asus-wireless-on', 'rb') -> b'00000000'
DEB [20171018-14:49:33.048] thr=2   paramiko.transport.sftp: [chan 2] close(b'00000000')
DEB [20171018-14:49:33.472] thr=2   paramiko.transport.sftp: [chan 2] stat(b'/etc/acpi/events/lenovo-undock')
DEB [20171018-14:49:33.478] thr=2   paramiko.transport.sftp: [chan 2] open(b'/etc/acpi/events/lenovo-undock', 'rb')
DEB [20171018-14:49:33.485] thr=2   paramiko.transport.sftp: [chan 2] open(b'/etc/acpi/events/lenovo-undock', 'rb') -> b'00000000'
DEB [20171018-14:49:33.502] thr=2   paramiko.transport.sftp: [chan 2] close(b'00000000')
DEB [20171018-14:49:33.854] thr=2   paramiko.transport.sftp: [chan 2] stat(b'/etc/acpi/events/ibm-wireless')
DEB [20171018-14:49:33.860] thr=2   paramiko.transport.sftp: [chan 2] open(b'/etc/acpi/events/ibm-wireless', 'rb')
DEB [20171018-14:49:33.866] thr=2   paramiko.transport.sftp: [chan 2] open(b'/etc/acpi/events/ibm-wireless', 'rb') -> b'00000000'
DEB [20171018-14:49:33.883] thr=2   paramiko.transport.sftp: [chan 2] close(b'00000000')
DEB [20171018-14:49:34.236] thr=2   paramiko.transport.sftp: [chan 2] stat(b'/etc/acpi/events/tosh-wireless')
DEB [20171018-14:49:34.242] thr=2   paramiko.transport.sftp: [chan 2] open(b'/etc/acpi/events/tosh-wireless', 'rb')
DEB [20171018-14:49:34.250] thr=2   paramiko.transport.sftp: [chan 2] open(b'/etc/acpi/events/tosh-wireless', 'rb') -> b'00000000'
DEB [20171018-14:49:34.269] thr=2   paramiko.transport.sftp: [chan 2] close(b'00000000')
DEB [20171018-14:49:34.614] thr=2   paramiko.transport.sftp: [chan 2] stat(b'/etc/acpi/events/asus-keyboard-backlight-down')
DEB [20171018-14:49:34.622] thr=2   paramiko.transport.sftp: [chan 2] open(b'/etc/acpi/events/asus-keyboard-backlight-down', 'rb')
DEB [20171018-14:49:34.629] thr=2   paramiko.transport.sftp: [chan 2] open(b'/etc/acpi/events/asus-keyboard-backlight-down', 'rb') -> b'00000000'
DEB [20171018-14:49:34.648] thr=2   paramiko.transport.sftp: [chan 2] close(b'00000000')
DEB [20171018-14:49:34.982] thr=2   paramiko.transport.sftp: [chan 2] stat(b'/etc/acpi/events/asus-wireless-off')
DEB [20171018-14:49:34.989] thr=2   paramiko.transport.sftp: [chan 2] open(b'/etc/acpi/events/asus-wireless-off', 'rb')
DEB [20171018-14:49:34.995] thr=2   paramiko.transport.sftp: [chan 2] open(b'/etc/acpi/events/asus-wireless-off', 'rb') -> b'00000000'
DEB [20171018-14:49:35.012] thr=2   paramiko.transport.sftp: [chan 2] close(b'00000000')
DEB [20171018-14:49:35.486] thr=2   paramiko.transport.sftp: [chan 2] stat(b'/etc/acpi/events/asus-keyboard-backlight-up')
DEB [20171018-14:49:35.492] thr=2   paramiko.transport.sftp: [chan 2] open(b'/etc/acpi/events/asus-keyboard-backlight-up', 'rb')
DEB [20171018-14:49:35.499] thr=2   paramiko.transport.sftp: [chan 2] open(b'/etc/acpi/events/asus-keyboard-backlight-up', 'rb') -> b'00000000'
DEB [20171018-14:49:35.519] thr=2   paramiko.transport.sftp: [chan 2] close(b'00000000')
DEB [20171018-14:49:35.873] thr=2   paramiko.transport.sftp: [chan 2] stat(b'/etc/acpi/events/thinkpad-cmos')
DEB [20171018-14:49:35.880] thr=2   paramiko.transport.sftp: [chan 2] open(b'/etc/acpi/events/thinkpad-cmos', 'rb')
DEB [20171018-14:49:35.887] thr=2   paramiko.transport.sftp: [chan 2] open(b'/etc/acpi/events/thinkpad-cmos', 'rb') -> b'00000000'
DEB [20171018-14:49:35.905] thr=2   paramiko.transport.sftp: [chan 2] close(b'00000000')
DEB [20171018-14:49:36.055] thr=1   paramiko.transport: EOF in transport thread
